PlaneID   Status  Request Time   Runway Time  Turnaround Time
-------------------------------------------------------
 1         L         0            2            2
 3         L         0            4            4
 2         D         0            6            6
 5         D         2            8            6
 7         D         4            10           6
 10        D         7            12           5
 11        D         8            14           6
 12        D         9            16           7
 14        D         11           18           7
 4         L         1            20           19
 6         L         3            22           19
 8         L         5            24           19
 15        D         12           26           14
 9         L         6            28           22
 13        L         10           30           20
 18        D         15           32           17
 16        L         13           34           21
 17        L         14           36           22
 20        L         17           38           21
 42        E         40           40           0
 21        L         18           42           24
 19        D         16           44           28
 22        L         19           46           27
 24        D         21           48           27
 23        L         20           50           30
 29        L         26           52           26
 31        L         28           54           26
 35        L         32           56           24
 36        L         33           58           25
 38        L         35           60           25
